	cc -O -DNICE -DACCT -DNICEVAL=4 -c setbrk.c
	cc -O -DNICE -DACCT -DNICEVAL=4 -c blok.c
	cc -O -DNICE -DACCT -DNICEVAL=4 -c stak.c
	cc -O -DNICE -DACCT -DNICEVAL=4 -c cmd.c
	cc -O -DNICE -DACCT -DNICEVAL=4 -c fault.c
	cc -O -DNICE -DACCT -DNICEVAL=4 -c main.c
	cc -O -DNICE -DACCT -DNICEVAL=4 -c word.c
	cc -O -DNICE -DACCT -DNICEVAL=4 -c string.c
	cc -O -DNICE -DACCT -DNICEVAL=4 -c name.c
	cc -O -DNICE -DACCT -DNICEVAL=4 -c args.c
	set +e; if u370;\
	then \
	cc -O -DNICE -DACCT -DNICEVAL=4 -b1,0 -c xec.c;\
	else \
	cc -O -DNICE -DACCT -DNICEVAL=4 -c xec.c;\
	fi
	cc -O -DNICE -DACCT -DNICEVAL=4 -I/usr/src/cmd/acct -c service.c
	cc -O -DNICE -DACCT -DNICEVAL=4 -c error.c
	cc -O -DNICE -DACCT -DNICEVAL=4 -c io.c
	cc -O -DNICE -DACCT -DNICEVAL=4 -c print.c
	cc -O -DNICE -DACCT -DNICEVAL=4 -c macro.c
	cc -O -DNICE -DACCT -DNICEVAL=4 -c expand.c
	if [ "" ];\
		then \
			cc -O -DNICE -DACCT -DNICEVAL=4 -c ctype.c; \
		elif [ "" ]; \
		then \
			CC=cc  ./:fix ctype; \
		else \
			CC=cc sh ./:fix ctype; \
		fi
	if [ "" ];\
		then \
			cc -O -DNICE -DACCT -DNICEVAL=4 -c msg.c; \
		elif [ "" ]; \
		then \
			CC=cc  ./:fix msg; \
		else \
			CC=cc sh ./:fix msg; \
		fi
	cc -O -DNICE -DACCT -DNICEVAL=4 -c test.c
	cc -O -DNICE -DACCT -DNICEVAL=4 -c defs.c
	cc -O -DNICE -DACCT -DNICEVAL=4 -c echo.c
	cc -O -DNICE -DACCT -DNICEVAL=4 -c hash.c
	cc -O -DNICE -DACCT -DNICEVAL=4 -c hashserv.c
	cc -O -DNICE -DACCT -DNICEVAL=4 -c pwd.c
	cc -O -DNICE -DACCT -DNICEVAL=4 -c func.c
	cc -O -DNICE -DACCT -DNICEVAL=4 -c fexpr.c
	cc -n -s  setbrk.o blok.o stak.o cmd.o fault.o main.o word.o string.o name.o args.o xec.o service.o error.o io.o print.o macro.o expand.o ctype.o msg.o test.o defs.o echo.o hash.o hashserv.o pwd.o func.o fexpr.o -o ./sh 
	if [ "" ];\
		then \
			cc -O -DNICE -DACCT -DNICEVAL=4 -c msg.c; \
		elif [ "" ]; \
		then \
			CC=cc  ./:fix msg; \
		else \
			CC=cc sh ./:fix msg; \
		fi
	cc -n -s  setbrk.o blok.o stak.o cmd.o fault.o main.o word.o string.o name.o args.o xec.o service.o error.o io.o print.o macro.o expand.o ctype.o msg.o test.o defs.o echo.o hash.o hashserv.o pwd.o func.o fexpr.o -o ./sh 
ld fatal: Can't create output file ./sh
*** Error code 13

Stop.
	cc -n -s  setbrk.o blok.o stak.o cmd.o fault.o main.o word.o string.o name.o args.o xec.o service.o error.o io.o print.o macro.o expand.o ctype.o msg.o test.o defs.o echo.o hash.o hashserv.o pwd.o func.o fexpr.o -o ./sh 
	set +e; if u370;\
	then \
	cc -O -DNICE -DACCT -DNICEVAL=4 -b1,0 -c xec.c;\
	else \
	cc -O -DNICE -DACCT -DNICEVAL=4 -c xec.c;\
	fi
	cc -n -s  setbrk.o blok.o stak.o cmd.o fault.o main.o word.o string.o name.o args.o xec.o service.o error.o io.o print.o macro.o expand.o ctype.o msg.o test.o defs.o echo.o hash.o hashserv.o pwd.o func.o fexpr.o -o ./sh 
